TN:
SF:src\lib\auth.ts
FN:16,signUp
FN:44,logIn
FN:62,logOut
FN:66,requireSession
FNF:4
FNH:4
FNDA:12,signUp
FNDA:5,logIn
FNDA:2,logOut
FNDA:3,requireSession
DA:1,1
DA:2,1
DA:3,1
DA:4,1
DA:5,1
DA:6,1
DA:7,1
DA:8,1
DA:9,1
DA:10,1
DA:11,1
DA:12,1
DA:13,1
DA:14,1
DA:15,1
DA:16,1
DA:17,12
DA:18,1
DA:19,1
DA:20,12
DA:21,1
DA:22,1
DA:23,10
DA:24,10
DA:25,12
DA:26,1
DA:27,1
DA:28,9
DA:29,9
DA:30,9
DA:31,9
DA:32,9
DA:33,9
DA:34,9
DA:35,9
DA:36,9
DA:37,9
DA:38,9
DA:39,9
DA:40,9
DA:41,9
DA:42,9
DA:43,1
DA:44,1
DA:45,5
DA:46,1
DA:47,1
DA:48,4
DA:49,4
DA:50,4
DA:51,4
DA:52,5
DA:53,2
DA:54,2
DA:55,2
DA:56,2
DA:57,2
DA:58,2
DA:59,2
DA:60,2
DA:61,1
DA:62,1
DA:63,2
DA:64,2
DA:65,1
DA:66,1
DA:67,3
DA:68,3
LF:68
LH:68
BRDA:16,0,0,12
BRDA:17,1,0,1
BRDA:19,2,0,11
BRDA:20,3,0,1
BRDA:22,4,0,10
BRDA:25,5,0,1
BRDA:27,6,0,9
BRDA:44,7,0,5
BRDA:45,8,0,4
BRDA:45,9,0,1
BRDA:47,10,0,4
BRDA:52,11,0,2
BRDA:50,12,0,3
BRDA:62,13,0,2
BRDA:66,14,0,3
BRF:15
BRH:15
end_of_record
TN:
SF:src\lib\constants.ts
FNF:0
FNH:0
DA:1,1
DA:2,1
DA:3,1
DA:4,1
DA:5,1
DA:6,1
DA:7,1
DA:8,1
DA:9,1
DA:10,1
DA:11,1
DA:12,1
DA:13,1
DA:14,1
DA:15,1
DA:16,1
DA:17,1
DA:18,1
DA:19,1
DA:20,1
DA:21,1
DA:22,1
DA:23,1
DA:24,1
DA:25,1
DA:26,1
DA:27,1
DA:28,1
DA:29,1
DA:30,1
DA:31,1
DA:32,1
DA:33,1
DA:34,1
DA:35,1
DA:36,1
DA:37,1
LF:37
LH:37
BRF:0
BRH:0
end_of_record
TN:
SF:src\lib\habits.ts
FN:10,toggleHabitCompletion
FNF:1
FNH:1
FNDA:5,toggleHabitCompletion
DA:1,1
DA:2,1
DA:3,1
DA:4,1
DA:5,1
DA:6,1
DA:7,1
DA:8,1
DA:9,1
DA:10,1
DA:11,5
DA:12,5
DA:13,5
DA:14,5
DA:15,3
DA:16,5
DA:17,2
DA:18,2
DA:19,5
DA:20,5
DA:21,5
DA:22,5
DA:23,5
DA:24,5
LF:24
LH:24
BRDA:10,0,0,5
BRDA:14,1,0,3
BRDA:16,2,0,2
BRF:3
BRH:3
end_of_record
TN:
SF:src\lib\slug.ts
FN:10,getHabitSlug
FNF:1
FNH:1
FNDA:11,getHabitSlug
DA:1,1
DA:2,1
DA:3,1
DA:4,1
DA:5,1
DA:6,1
DA:7,1
DA:8,1
DA:9,1
DA:10,1
DA:11,11
DA:12,11
DA:13,11
DA:14,11
DA:15,11
DA:16,11
DA:17,11
DA:18,11
LF:18
LH:18
BRDA:10,0,0,11
BRF:1
BRH:1
end_of_record
TN:
SF:src\lib\storage.ts
FN:7,getUsers
FN:17,saveUsers
FN:21,getUserByEmail
FN:25,addUser
FN:33,getSession
FN:44,saveSession
FN:48,clearSession
FN:54,getAllHabits
FN:64,saveAllHabits
FN:68,getHabitsForUser
FN:72,addHabit
FN:78,updateHabit
FN:85,deleteHabit
FNF:13
FNH:13
FNDA:32,getUsers
FNDA:13,saveUsers
FNDA:12,getUserByEmail
FNDA:12,addUser
FNDA:12,getSession
FNDA:15,saveSession
FNDA:3,clearSession
FNDA:18,getAllHabits
FNDA:10,saveAllHabits
FNDA:2,getHabitsForUser
FNDA:7,addHabit
FNDA:1,updateHabit
FNDA:1,deleteHabit
DA:1,1
DA:2,1
DA:3,1
DA:4,1
DA:5,1
DA:6,1
DA:7,1
DA:8,32
DA:9,32
DA:10,32
DA:11,32
DA:12,32
DA:13,1
DA:14,1
DA:15,32
DA:16,1
DA:17,1
DA:18,13
DA:19,13
DA:20,1
DA:21,1
DA:22,12
DA:23,12
DA:24,1
DA:25,1
DA:26,12
DA:27,12
DA:28,12
DA:29,12
DA:30,1
DA:31,1
DA:32,1
DA:33,1
DA:34,12
DA:35,12
DA:36,12
DA:37,12
DA:38,6
DA:39,12
DA:40,1
DA:41,1
DA:42,12
DA:43,1
DA:44,1
DA:45,15
DA:46,15
DA:47,1
DA:48,1
DA:49,3
DA:50,3
DA:51,1
DA:52,1
DA:53,1
DA:54,1
DA:55,18
DA:56,18
DA:57,18
DA:58,18
DA:59,18
DA:60,1
DA:61,1
DA:62,18
DA:63,1
DA:64,1
DA:65,10
DA:66,10
DA:67,1
DA:68,1
DA:69,2
DA:70,2
DA:71,1
DA:72,1
DA:73,7
DA:74,7
DA:75,7
DA:76,7
DA:77,1
DA:78,1
DA:79,1
DA:80,1
DA:81,1
DA:82,1
DA:83,1
DA:84,1
DA:85,1
DA:86,1
DA:87,1
DA:88,1
LF:88
LH:88
BRDA:7,0,0,32
BRDA:8,1,0,0
BRDA:11,2,0,9
BRDA:11,3,0,23
BRDA:12,4,0,1
BRDA:17,5,0,13
BRDA:21,6,0,12
BRDA:22,7,0,2
BRDA:25,8,0,12
BRDA:33,9,0,12
BRDA:34,10,0,0
BRDA:37,11,0,10
BRDA:37,12,0,6
BRDA:39,13,0,1
BRDA:44,14,0,15
BRDA:48,15,0,3
BRDA:54,16,0,18
BRDA:55,17,0,0
BRDA:58,18,0,12
BRDA:58,19,0,6
BRDA:59,20,0,1
BRDA:64,21,0,10
BRDA:68,22,0,2
BRDA:69,23,0,4
BRDA:72,24,0,7
BRDA:78,25,0,1
BRDA:79,26,0,1
BRDA:80,27,0,0
BRDA:85,28,0,1
BRDA:86,29,0,2
BRF:30
BRH:26
end_of_record
TN:
SF:src\lib\streaks.ts
FN:11,calculateCurrentStreak
FNF:1
FNH:1
FNDA:11,calculateCurrentStreak
DA:1,1
DA:2,1
DA:3,1
DA:4,1
DA:5,1
DA:6,1
DA:7,1
DA:8,1
DA:9,1
DA:10,1
DA:11,1
DA:12,11
DA:13,11
DA:14,11
DA:15,11
DA:16,11
DA:17,11
DA:18,11
DA:19,11
DA:20,11
DA:21,11
DA:22,11
DA:23,11
DA:24,11
DA:25,4
DA:26,4
DA:27,7
DA:28,7
DA:29,7
DA:30,7
DA:31,11
DA:32,12
DA:33,12
DA:34,12
DA:35,12
DA:36,12
DA:37,12
DA:38,7
DA:39,7
DA:40,7
LF:40
LH:40
BRDA:11,0,0,11
BRDA:15,1,0,1
BRDA:24,2,0,4
BRDA:26,3,0,7
BRDA:31,4,0,12
BRDA:37,5,0,7
BRF:6
BRH:6
end_of_record
TN:
SF:src\lib\validators.ts
FN:10,validateHabitName
FNF:1
FNH:1
FNDA:5,validateHabitName
DA:1,1
DA:2,1
DA:3,1
DA:4,1
DA:5,1
DA:6,1
DA:7,1
DA:8,1
DA:9,1
DA:10,1
DA:11,5
DA:12,5
DA:13,5
DA:14,5
DA:15,5
DA:16,5
DA:17,5
DA:18,2
DA:19,2
DA:20,3
DA:21,5
DA:22,1
DA:23,1
DA:24,1
DA:25,1
DA:26,1
DA:27,1
DA:28,2
DA:29,2
DA:30,2
LF:30
LH:30
BRDA:10,0,0,5
BRDA:17,1,0,2
BRDA:19,2,0,3
BRDA:21,3,0,1
BRDA:27,4,0,2
BRF:5
BRH:5
end_of_record
